\BOOKMARK [1][-]{section.1}{\376\377\000K\000u\000r\000z\000f\000a\000s\000s\000u\000n\000g}{}% 1
\BOOKMARK [1][-]{section.2}{\376\377\000I\000n\000h\000a\000l\000t\000s\000v\000e\000r\000z\000e\000i\000c\000h\000n\000i\000s}{}% 2
\BOOKMARK [1][-]{section.3}{\376\377\000E\000i\000n\000l\000e\000i\000t\000u\000n\000g}{}% 3
\BOOKMARK [1][-]{section.4}{\376\377\000V\000o\000r\000g\000e\000h\000e\000n\000s\000w\000e\000i\000s\000e\000,\000\040\000M\000a\000t\000e\000r\000i\000a\000l\000i\000e\000n\000\040\000u\000n\000d\000\040\000M\000e\000t\000h\000o\000d\000e}{}% 4
\BOOKMARK [2][-]{subsection.4.1}{\376\377\000P\000r\000o\000t\000e\000i\000n\000e\000\040\000u\000n\000d\000\040\000n\000a\000t\000\374\000r\000l\000i\000c\000h\000e\000\040\000L\000i\000g\000a\000n\000d\000e\000n\000\040\000f\000i\000n\000d\000e\000n}{section.4}% 5
\BOOKMARK [3][-]{subsubsection.4.1.1}{\376\377\000M\000a\000l\000a\000r\000i\000a}{subsection.4.1}% 6
\BOOKMARK [3][-]{subsubsection.4.1.2}{\376\377\000A\000f\000r\000i\000k\000a\000n\000i\000s\000c\000h\000e\000\040\000S\000c\000h\000l\000a\000f\000k\000r\000a\000n\000k\000h\000e\000i\000t}{subsection.4.1}% 7
\BOOKMARK [3][-]{subsubsection.4.1.3}{\376\377\000C\000h\000a\000g\000a\000s\000-\000K\000r\000a\000n\000k\000h\000e\000i\000t}{subsection.4.1}% 8
\BOOKMARK [2][-]{subsection.4.2}{\376\377\000D\000o\000c\000k\000i\000n\000g\000\040\000m\000i\000t\000\040\000G\000a\000l\000a\000x\000y}{section.4}% 9
\BOOKMARK [3][-]{subsubsection.4.2.1}{\376\377\000P\000r\000o\000t\000e\000i\000n\000-\000\040\000u\000n\000d\000\040\000L\000i\000g\000a\000n\000d\000e\000n\000s\000t\000r\000u\000k\000t\000u\000r\000\040\000e\000i\000n\000g\000e\000b\000e\000n}{subsection.4.2}% 10
\BOOKMARK [3][-]{subsubsection.4.2.2}{\376\377\000D\000a\000t\000e\000i\000e\000n\000\040\000f\000\374\000r\000\040\000d\000a\000s\000\040\000D\000o\000c\000k\000i\000n\000g\000\040\000v\000o\000r\000b\000e\000r\000e\000i\000t\000e\000n}{subsection.4.2}% 11
\BOOKMARK [3][-]{subsubsection.4.2.3}{\376\377\000D\000o\000c\000k\000i\000n\000g}{subsection.4.2}% 12
\BOOKMARK [2][-]{subsection.4.3}{\376\377\000A\000u\000s\000w\000e\000r\000t\000u\000n\000g\000\040\000d\000e\000r\000\040\000D\000a\000t\000e\000n}{section.4}% 13
\BOOKMARK [3][-]{subsubsection.4.3.1}{\376\377\000C\000o\000m\000p\000u\000n\000d\000\040\000l\000i\000b\000r\000a\000r\000y\000\040\000a\000u\000f\000b\000e\000r\000e\000i\000t\000e\000n}{subsection.4.3}% 14
\BOOKMARK [3][-]{subsubsection.4.3.2}{\376\377\000E\000r\000g\000e\000b\000n\000i\000s\000s\000e\000\040\000d\000e\000s\000\040\000D\000o\000c\000k\000i\000n\000g\000s\000\040\000a\000u\000s\000w\000e\000r\000t\000e\000n}{subsection.4.3}% 15
\BOOKMARK [2][-]{subsection.4.4}{\376\377\000A\000n\000d\000e\000r\000e\000\040\000K\000r\000a\000n\000k\000h\000e\000i\000t\000e\000n}{section.4}% 16
\BOOKMARK [3][-]{subsubsection.4.4.1}{\376\377\000A\000f\000r\000i\000k\000a\000n\000i\000s\000c\000h\000e\000\040\000S\000c\000h\000l\000a\000f\000k\000r\000a\000n\000k\000h\000e\000i\000t}{subsection.4.4}% 17
\BOOKMARK [3][-]{subsubsection.4.4.2}{\376\377\000C\000h\000a\000g\000a\000s\000-\000K\000r\000a\000n\000k\000h\000e\000i\000t}{subsection.4.4}% 18
\BOOKMARK [1][-]{section.5}{\376\377\000E\000r\000g\000e\000b\000n\000i\000s\000s\000e}{}% 19
\BOOKMARK [2][-]{subsection.5.1}{\376\377\000M\000a\000l\000a\000r\000i\000a}{section.5}% 20
\BOOKMARK [3][-]{subsubsection.5.1.1}{\376\377\000L\000i\000g\000a\000n\000d\000e\000n\000-\000C\000l\000u\000s\000t\000e\000r\000i\000n\000g}{subsection.5.1}% 21
\BOOKMARK [3][-]{subsubsection.5.1.2}{\376\377\000D\000o\000c\000k\000i\000n\000g\000-\000E\000r\000g\000e\000b\000n\000i\000s\000s\000e}{subsection.5.1}% 22
\BOOKMARK [2][-]{subsection.5.2}{\376\377\000A\000f\000r\000i\000k\000a\000n\000i\000s\000c\000h\000e\000\040\000S\000c\000h\000l\000a\000f\000k\000r\000a\000n\000k\000h\000e\000i\000t}{section.5}% 23
\BOOKMARK [2][-]{subsection.5.3}{\376\377\000C\000h\000a\000g\000a\000s\000-\000K\000r\000a\000n\000k\000h\000e\000i\000t}{section.5}% 24
\BOOKMARK [1][-]{section.6}{\376\377\000E\000r\000g\000e\000b\000n\000i\000s\000d\000i\000s\000k\000u\000s\000s\000i\000o\000n}{}% 25
\BOOKMARK [1][-]{section.7}{\376\377\000Z\000u\000s\000a\000m\000m\000e\000n\000f\000a\000s\000s\000u\000n\000g}{}% 26
\BOOKMARK [1][-]{section.8}{\376\377\000Q\000u\000e\000l\000l\000e\000n\000-\000\040\000u\000n\000d\000\040\000L\000i\000t\000e\000r\000a\000t\000u\000r\000v\000e\000r\000z\000e\000i\000c\000h\000n\000i\000s}{}% 27
